     1                                  ; haribote-ipl
     2                                  ; TAB=4
     3                                  
     4                                  CYLS	EQU		10				;CYLSに定数10を代入
     5                                  		ORG		0x7c00			;このプログラムがどこに読み込まれるか
     6                                  
     7                                  ; 標準的なFATL2フォーマットフロッピーディスクのための記述
     8                                  
     9 00000000 EB4E                    		JMP		entry
    10 00000002 90                      		DB		0x90
    11 00000003 4D494E4F2D49504C        		DB		"MINO-IPL"		; ブートセクタの名前(8byte)
    12 0000000B 0002                    		DW		512				; 1セクタの大きさ
    13 0000000D 01                      		DB		1				; クラスタの大きさ
    14 0000000E 0100                    		DW		1				; FATがどこから始まるか
    15 00000010 02                      		DB		2				; FATの個数
    16 00000011 E000                    		DW		224				; ルートディレクトリ領域の大きさ
    17 00000013 400B                    		DW		2880			; このドライブの大きさ
    18 00000015 F0                      		DB		0xf0			; メディアのタイプ
    19 00000016 0900                    		DW		9				; FAT領域の長さ
    20 00000018 1200                    		DW		18				; 1トラックにいくつのセクタがあるか
    21 0000001A 0200                    		DW		2				; ヘッドの数
    22 0000001C 00000000                		DD		0				; パーティションを使っていないので0
    23 00000020 400B0000                		DD		2880			; このドライブの大きさをもう一度書く
    24 00000024 000029                  		DB		0,0,0x29		; この値にしておくと良い
    25 00000027 FFFFFFFF                		DD		0xffffffff		; ボリュームシリアル番号
    26 0000002B 4D696E6F4F53202020-     		DB		"MinoOS     "	; ディスクの名前(11byte)
    26 00000034 2020               
    27 00000036 4641543132202020        		DB		"FAT12   "		; フォーマットの名前(8byte)
    28 0000003E <res 00000012>          		RESB	18				; とりあえず18byte開けておく
    28          ******************       warning: uninitialized space declared in .text section: zeroing [-w+other]
    29                                  
    30                                  ; プログラム本体
    31                                  
    32                                  entry:
    33 00000050 B80000                  		MOV		AX,0			;レジスタ初期化
    34 00000053 8ED0                    		MOV		SS,AX
    35 00000055 BC007C                  		MOV		SP,0x7c00
    36 00000058 8ED8                    		MOV		DS,AX
    37                                  
    38                                  ; ディスクを読む
    39 0000005A B82008                  		MOV		AX,0x0820
    40 0000005D 8EC0                    		MOV		ES,AX
    41 0000005F B500                    		MOV		CH,0			;シリンダ0
    42 00000061 B600                    		MOV		DH,0			;ヘッド0
    43 00000063 B102                    		MOV		CL,2			;セクタ2
    44                                  readloop:
    45 00000065 BE0000                  		MOV		SI,0			;失敗回数を数えるレジスタ
    46                                  retry:
    47 00000068 B402                    		MOV		AH,0x02			;AH=0x02 :ディスク読み込み
    48 0000006A B001                    		MOV 	AL,1			;1セクタ
    49 0000006C BB0000                  		MOV		BX,0
    50 0000006F B200                    		MOV 	DL,0x00 		;Aドライブ
    51 00000071 CD13                    		INT 	0x13			;ディスクBIOS呼び出し
    52 00000073 7310                    		JNC		next			;エラーが起きなければnextへ
    53 00000075 83C601                  		ADD		SI,1			;SIに1を足す
    54 00000078 83FE05                  		CMP 	SI,5			;SIと5を比較
    55 0000007B 7332                    		JAE		error			;SI >= 5 ならerrorへ
    56 0000007D B400                    		MOV		AH,0x00			
    57 0000007F B200                    		MOV		DL,0x00			;Aドライブ
    58 00000081 CD13                    		INT 	0x13			;ドライブのリセット
    59 00000083 EBE3                    		JMP		retry
    60                                  next:
    61 00000085 8CC0                    		MOV		AX,ES			;アドレスを0x200進める
    62 00000087 83C020                  		ADD 	AX,0x0020
    63 0000008A 8EC0                    		MOV		ES,AX			;ADD ES,0x020の代わり
    64 0000008C 80C101                  		ADD		CL,1			;CLに1を足す
    65 0000008F 80F912                  		CMP 	CL,18			;CLと18を比較
    66 00000092 76D1                    		JBE		readloop
    67 00000094 B101                    		MOV		CL,1
    68 00000096 80C601                  		ADD		DH,1
    69 00000099 80FE02                  		CMP		DH,2
    70 0000009C 72C7                    		JB 		readloop		;DH < 2だったらreadloopへ
    71 0000009E B600                    		MOV 	DH,0
    72 000000A0 80C501                  		ADD 	CH,1
    73 000000A3 80FD0A                  		CMP		CH,CYLS
    74 000000A6 72BD                    		JB 		readloop		;CH < CYLSだったらreadloopへ
    75                                  
    76                                  ; 読み終わったのでharibote.sysを実行
    77                                  
    78 000000A8 882EF00F                		MOV		[0x0ff0],CH		; IPLがどこまで読んだのかをメモ
    79 000000AC E9(00C2)                		JMP		0xc200
    80                                  
    81                                  
    82                                  error:
    83 000000AF BE[C700]                		MOV		SI,msg
    84                                  putloop:
    85 000000B2 8A04                    		MOV		AL,[SI]			;MOV AL.BYTE[SI]と同じ
    86 000000B4 83C601                  		ADD		SI,1			;SIに1を足す
    87 000000B7 3C00                    		CMP		AL,0
    88 000000B9 7409                    		JE		fin
    89 000000BB B40E                    		MOV		AH,0x0e			;一文字表示ファンクション
    90 000000BD BB0F00                  		MOV		BX,15			;カラーコード
    91 000000C0 CD10                    		INT		0x10			;ビデオBIOS呼び出し
    92 000000C2 EBEE                    		JMP		putloop
    93                                  fin:
    94 000000C4 F4                      		HLT					;何か起こるまでCPUを停止
    95 000000C5 EBFD                    		JMP		fin			;無限ループ
    96                                  msg:
    97 000000C7 0A0A                    		DB		0x0a, 0x0a		; 改行*2
    98 000000C9 6D696E6F6572755F64-     		DB		"minoeru_dayo"
    98 000000D2 61796F             
    99 000000D5 0A                      		DB		0x0a			; 改行
   100 000000D6 00                      		DB		0
   101                                  
   102 000000D7 <res 00000127>          		RESB	0x1fe-($-$$)	; 0x001feまでを0x00で埋める命令
   102          ******************       warning: uninitialized space declared in .text section: zeroing [-w+other]
   103                                  
   104 000001FE 55AA                    		DB		0x55, 0xaa
   105                                  
   106                                  
